<?xml version="1.0" encoding="UTF-8" standalone="yes"?><testsuite errors="0" failures="0" hostName="rhel74base" name="JSystem Reporter" tests="9" time="187.957" timeStamp="Fri Feb 01 02:27:53 EST 2019"><testcase classname="jsystem.framework.sut.ChangeSutTest" name="changeSut" time="0.359"/><testcase classname="esa.ManagementTests" name="startService" time="41.062"/><testcase classname="esa.ManagementTests" name="startService" time="18.795"/><testcase classname="esa.ManagementTests" name="stopService" time="17.956"/><testcase classname="common.tests.FileSystemTests" name="copyFrameworkFiles" time="16.665"/><testcase classname="common.tests.FileSystemTests" name="copyFileOrFolder" time="16.407"/><testcase classname="common.tests.ExecuteScripts" name="executeCommand" time="24.301"/><testcase classname="common.tests.ExecuteScripts" name="executeCommand" time="24.204"/><testcase classname="common.tests.ExecuteScripts" name="executeCommand" time="24.163"/></testsuite>